<?xml version="1.0" encoding="UTF-8"?>
<!-- Generated by org.testng.reporters.JUnitXMLReporter -->
<testsuite hostname="DESKTOP-M8FCCF0" name="Default test" tests="6" failures="0" timestamp="25 May 2019 22:34:09 GMT" time="1.045" errors="0">
  <testcase name="f" time="0.005" classname="com.youceedu.api.test.TestRun"/>
  <testcase name="f" time="0.002" classname="com.youceedu.api.test.TestRun"/>
  <testcase name="f" time="0.001" classname="com.youceedu.api.test.TestRun"/>
  <testcase name="f" time="0.002" classname="com.youceedu.api.test.TestRun"/>
  <testcase name="f" time="0.001" classname="com.youceedu.api.test.TestRun"/>
  <testcase name="f" time="0.002" classname="com.youceedu.api.test.TestRun"/>
</testsuite> <!-- Default test -->
