<?xml version="1.0" encoding="UTF-8"?>
<!-- Generated by org.testng.reporters.JUnitXMLReporter -->
<testsuite hostname="DESKTOP-M8FCCF0" name="Test" tests="6" failures="0" timestamp="25 May 2019 23:20:43 GMT" time="26.155" errors="0">
  <testcase name="f" time="8.355" classname="com.youceedu.api.test.TestRun"/>
  <testcase name="f" time="3.149" classname="com.youceedu.api.test.TestRun"/>
  <testcase name="f" time="7.365" classname="com.youceedu.api.test.TestRun"/>
  <testcase name="f" time="2.631" classname="com.youceedu.api.test.TestRun"/>
  <testcase name="f" time="2.788" classname="com.youceedu.api.test.TestRun"/>
  <testcase name="f" time="0.753" classname="com.youceedu.api.test.TestRun"/>
</testsuite> <!-- Test -->
